[debug] [2022-08-04T11:40:33.691Z] ----------------------------------------------------------------------
[debug] [2022-08-04T11:40:33.698Z] Command:       C:\Program Files\nodejs\node.exe C:\Users\ASUS\AppData\Roaming\npm\node_modules\firebase-tools\lib\bin\firebase.js init
[debug] [2022-08-04T11:40:33.700Z] CLI Version:   11.4.2
[debug] [2022-08-04T11:40:33.701Z] Platform:      win32
[debug] [2022-08-04T11:40:33.701Z] Node Version:  v16.15.1
[debug] [2022-08-04T11:40:33.704Z] Time:          Thu Aug 04 2022 18:40:33 GMT+0700 (Western Indonesia Time)
[debug] [2022-08-04T11:40:33.705Z] ----------------------------------------------------------------------
[debug] 
[debug] [2022-08-04T11:40:33.734Z] > command requires scopes: ["email","openid","https://www.googleapis.com/auth/cloudplatformprojects.readonly","https://www.googleapis.com/auth/firebase","https://www.googleapis.com/auth/cloud-platform"]
[debug] [2022-08-04T11:40:33.736Z] > authorizing via signed-in user (imroatunhasana@gmail.com)
[info] 
     ######## #### ########  ######## ########     ###     ######  ########
     ##        ##  ##     ## ##       ##     ##  ##   ##  ##       ##
     ######    ##  ########  ######   ########  #########  ######  ######
     ##        ##  ##    ##  ##       ##     ## ##     ##       ## ##
     ##       #### ##     ## ######## ########  ##     ##  ######  ########

You're about to initialize a Firebase project in this directory:

  D:\HTML\react.js\windbnb\wind-bnb

[info] 
=== Project Setup
[info] 
[info] First, let's associate this project directory with a Firebase project.
[info] You can create multiple project aliases by running firebase use --add, 
[info] but for now we'll just set up a default project.
[info] 
[debug] [2022-08-04T11:41:39.746Z] > refreshing access token with scopes: []
[debug] [2022-08-04T11:41:39.756Z] >>> [apiv2][query] POST https://www.googleapis.com/oauth2/v3/token [none]
[debug] [2022-08-04T11:41:39.757Z] >>> [apiv2][body] POST https://www.googleapis.com/oauth2/v3/token [omitted]
[debug] [2022-08-04T11:41:40.136Z] <<< [apiv2][status] POST https://www.googleapis.com/oauth2/v3/token 200
[debug] [2022-08-04T11:41:40.137Z] <<< [apiv2][body] POST https://www.googleapis.com/oauth2/v3/token [omitted]
[debug] [2022-08-04T11:41:40.256Z] >>> [apiv2][query] GET https://firebase.googleapis.com/v1beta1/projects pageSize=100
[debug] [2022-08-04T11:41:41.009Z] <<< [apiv2][status] GET https://firebase.googleapis.com/v1beta1/projects 200
[debug] [2022-08-04T11:41:41.010Z] <<< [apiv2][body] GET https://firebase.googleapis.com/v1beta1/projects [omitted]
[info] i  Using project windbnb-challenge-af8da (Windbnb Challenge) 
[info] 
=== Hosting Setup
[info] 
[info] Your public directory is the folder (relative to your project directory) that
[info] will contain Hosting assets to be uploaded with firebase deploy. If you
[info] have a build process for your assets, use your build's output directory.
[info] 
